11:48:28.446 [main] INFO  devp - Browser Opened !!
11:48:29.092 [main] INFO  devp - Email id  entered
11:48:29.614 [main] INFO  devp - Password entered
11:48:30.105 [main] INFO  devp - Successfully clicked on login button
11:49:27.256 [main] INFO  devp - Browser Opened !!
11:49:27.450 [main] INFO  devp - Email id  entered
11:49:27.548 [main] INFO  devp - Password  entered
11:49:27.608 [main] INFO  devp - Clicked on login button
11:49:28.586 [main] INFO  devp - Dashboard page verified
11:49:34.177 [main] INFO  devp - Clicked on Automation link
11:49:34.281 [main] INFO  devp - Clicked on create button
11:49:37.742 [main] INFO  devp - Page verified
11:49:38.269 [main] INFO  devp - Name Entered
11:49:38.365 [main] INFO  devp - Click on chose target
11:49:39.314 [main] INFO  devp - Chose target page verified
11:49:41.823 [main] INFO  devp - Select from list
11:49:43.930 [main] INFO  devp - Click on continue button
11:49:44.579 [main] INFO  devp - select end date
11:53:04.214 [main] INFO  devp - Browser Opened !!
11:53:05.178 [main] INFO  devp - Email id  entered
11:53:05.765 [main] INFO  devp - Password entered
11:53:06.314 [main] INFO  devp - Successfully clicked on login button
11:54:51.215 [main] INFO  devp - Browser Opened !!
11:54:51.408 [main] INFO  devp - Email id  entered
11:54:51.505 [main] INFO  devp - Password  entered
11:54:51.568 [main] INFO  devp - Clicked on login button
11:54:52.439 [main] INFO  devp - Dashboard page verified
11:54:58.480 [main] INFO  devp - Clicked on Automation link
11:54:58.585 [main] INFO  devp - Clicked on create button
11:55:02.076 [main] INFO  devp - Page verified
11:55:02.589 [main] INFO  devp - Name Entered
11:55:02.719 [main] INFO  devp - Click on chose target
11:55:03.659 [main] INFO  devp - Chose target page verified
11:55:06.113 [main] INFO  devp - Select from list
11:55:08.211 [main] INFO  devp - Click on continue button
11:55:08.873 [main] INFO  devp - select end date
12:14:31.653 [main] INFO  devp - Browser Opened !!
12:14:32.685 [main] INFO  devp - Email id  entered
12:14:33.362 [main] INFO  devp - Password entered
12:14:34.017 [main] INFO  devp - Successfully clicked on login button
12:15:25.747 [main] INFO  devp - Browser Opened !!
12:15:26.765 [main] INFO  devp - Email id  entered
12:15:27.361 [main] INFO  devp - Password entered
12:15:28.029 [main] INFO  devp - Successfully clicked on login button
12:15:57.565 [main] INFO  devp - Browser Opened !!
12:15:57.972 [main] INFO  devp - Email id  entered
12:15:58.217 [main] INFO  devp - Password  entered
12:15:58.320 [main] INFO  devp - Clicked on login button
12:15:59.741 [main] INFO  devp - Dashboard page verified
12:16:04.628 [main] INFO  devp - Clicked on Automation link
12:16:04.746 [main] INFO  devp - Clicked on create button
12:16:08.114 [main] INFO  devp - Page verified
12:16:08.532 [main] INFO  devp - Name Entered
12:16:08.605 [main] INFO  devp - Click on chose target
12:16:09.576 [main] INFO  devp - Chose target page verified
12:16:12.080 [main] INFO  devp - Select from list
12:16:14.191 [main] INFO  devp - Click on continue button
12:16:14.864 [main] INFO  devp - select end date
12:27:49.345 [main] INFO  devp - Browser Opened !!
12:27:49.602 [main] INFO  devp - Email id  entered
12:27:49.701 [main] INFO  devp - Password  entered
12:27:49.765 [main] INFO  devp - Clicked on login button
12:27:50.709 [main] INFO  devp - Dashboard page verified
12:27:56.230 [main] INFO  devp - Clicked on Automation link
12:27:56.335 [main] INFO  devp - Clicked on create button
12:27:59.772 [main] INFO  devp - Page verified
12:28:00.296 [main] INFO  devp - Name Entered
12:28:00.434 [main] INFO  devp - Click on chose target
12:28:01.512 [main] INFO  devp - Chose target page verified
12:28:04.047 [main] INFO  devp - Select from list
12:28:06.191 [main] INFO  devp - Click on continue button
12:28:06.881 [main] INFO  devp - select end date
